<?xml version="1.0" encoding="UTF-8"?>
<coverage generated="1338673653">
  <project timestamp="1338673653">
    <file name="/opt/lampp/htdocs/joomla_development/ws/code/controller/v1/json/content/create.php">
      <class name="WebServiceControllerV1JsonContentCreate" namespace="global" fullPackage="WebService.Application.Controller" package="WebService.Application" subpackage="Controller">
        <metrics methods="5" coveredmethods="3" conditionals="0" coveredconditionals="0" statements="33" coveredstatements="26" elements="38" coveredelements="29"/>
      </class>
      <line num="51" type="method" name="checkSupressResponseCodes" crap="4" count="7"/>
      <line num="53" type="stmt" count="7"/>
      <line num="55" type="stmt" count="7"/>
      <line num="56" type="stmt" count="6"/>
      <line num="58" type="stmt" count="6"/>
      <line num="59" type="stmt" count="2"/>
      <line num="60" type="stmt" count="2"/>
      <line num="63" type="stmt" count="4"/>
      <line num="64" type="stmt" count="2"/>
      <line num="65" type="stmt" count="2"/>
      <line num="68" type="stmt" count="2"/>
      <line num="71" type="stmt" count="1"/>
      <line num="80" type="method" name="init" crap="2" count="0"/>
      <line num="81" type="stmt" count="0"/>
      <line num="83" type="stmt" count="0"/>
      <line num="84" type="stmt" count="0"/>
      <line num="85" type="stmt" count="0"/>
      <line num="94" type="method" name="getMandatoryData" crap="3" count="4"/>
      <line num="95" type="stmt" count="4"/>
      <line num="96" type="stmt" count="4"/>
      <line num="97" type="stmt" count="4"/>
      <line num="98" type="stmt" count="3"/>
      <line num="99" type="stmt" count="3"/>
      <line num="101" type="stmt" count="3"/>
      <line num="103" type="stmt" count="3"/>
      <line num="104" type="stmt" count="1"/>
      <line num="113" type="method" name="getOptionalData" crap="3" count="4"/>
      <line num="114" type="stmt" count="4"/>
      <line num="116" type="stmt" count="4"/>
      <line num="117" type="stmt" count="4"/>
      <line num="118" type="stmt" count="3"/>
      <line num="119" type="stmt" count="3"/>
      <line num="120" type="stmt" count="4"/>
      <line num="121" type="stmt" count="4"/>
      <line num="130" type="method" name="execute" crap="2" count="0"/>
      <line num="132" type="stmt" count="0"/>
      <line num="133" type="stmt" count="0"/>
      <line num="134" type="stmt" count="0"/>
      <line num="136" type="stmt" count="0"/>
      <metrics loc="135" ncloc="74" classes="1" methods="5" coveredmethods="3" conditionals="0" coveredconditionals="0" statements="33" coveredstatements="26" elements="38" coveredelements="29"/>
    </file>
    <metrics files="1" loc="135" ncloc="74" classes="1" methods="5" coveredmethods="3" conditionals="0" coveredconditionals="0" statements="33" coveredstatements="26" elements="38" coveredelements="29"/>
  </project>
</coverage>
